[debug] [2023-08-17T15:56:30.725Z] ----------------------------------------------------------------------
[debug] [2023-08-17T15:56:30.726Z] Command:       C:\Program Files\nodejs\node.exe C:\Program Files\nodejs\node_modules\firebase-tools\lib\bin\firebase.js init hosting
[debug] [2023-08-17T15:56:30.727Z] CLI Version:   12.4.8
[debug] [2023-08-17T15:56:30.727Z] Platform:      win32
[debug] [2023-08-17T15:56:30.727Z] Node Version:  v18.12.0
[debug] [2023-08-17T15:56:30.727Z] Time:          Thu Aug 17 2023 17:56:30 GMT+0200 (Central European Summer Time)
[debug] [2023-08-17T15:56:30.728Z] ----------------------------------------------------------------------
[debug] 
[debug] [2023-08-17T15:56:30.732Z] > command requires scopes: ["email","openid","https://www.googleapis.com/auth/cloudplatformprojects.readonly","https://www.googleapis.com/auth/firebase","https://www.googleapis.com/auth/cloud-platform"]
[debug] [2023-08-17T15:56:30.732Z] > authorizing via signed-in user (artrist.perrin@gmail.com)
[info] 
     ######## #### ########  ######## ########     ###     ######  ########
     ##        ##  ##     ## ##       ##     ##  ##   ##  ##       ##
     ######    ##  ########  ######   ########  #########  ######  ######
     ##        ##  ##    ##  ##       ##     ## ##     ##       ## ##
     ##       #### ##     ## ######## ########  ##     ##  ######  ########

You're about to initialize a Firebase project in this directory:

  C:\Users\ArnaudPerrin\Workspace\firechat

[info] 
=== Project Setup
[info] 
[info] First, let's associate this project directory with a Firebase project.
[info] You can create multiple project aliases by running firebase use --add, 
[info] but for now we'll just set up a default project.
[info] 
[debug] [2023-08-17T15:56:44.724Z] >>> [apiv2][query] GET https://firebase.googleapis.com/v1beta1/projects pageSize=100
[debug] [2023-08-17T15:56:45.606Z] <<< [apiv2][status] GET https://firebase.googleapis.com/v1beta1/projects 200
[debug] [2023-08-17T15:56:45.606Z] <<< [apiv2][body] GET https://firebase.googleapis.com/v1beta1/projects [omitted]
[info] i  Using project svetlekit-firebase-test (svetlekit-firebase-test) 
[info] 
=== Hosting Setup
[info] 
[info] i  Didn't detect a .git folder. Assuming C:\Users\ArnaudPerrin\Workspace\firechat is the project root. 
[info] i  Authorizing with GitHub to upload your service account to a GitHub repository's secrets store. 
[info] 
[info] Visit this URL on this device to log in:
[info] https://github.com/login/oauth/authorize?client_id=89cf50f02ac6aaed3484&state=957524513&redirect_uri=http%3A%2F%2Flocalhost%3A9005&scope=read%3Auser%20repo%20public_repo
[info] 
[info] Waiting for authentication...
[debug] [2023-08-17T15:57:51.347Z] >>> [apiv2][query] POST https://github.com/login/oauth/access_token [none]
[debug] [2023-08-17T15:57:51.347Z] >>> [apiv2][body] POST https://github.com/login/oauth/access_token [stream]
[debug] [2023-08-17T15:57:51.610Z] <<< [apiv2][status] POST https://github.com/login/oauth/access_token 200
[debug] [2023-08-17T15:57:51.610Z] <<< [apiv2][body] POST https://github.com/login/oauth/access_token {"access_token":"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","token_type":"bearer","scope":"read:user,repo"}
[debug] [2023-08-17T15:57:51.612Z] >>> [apiv2][query] GET https://api.github.com/user [none]
[debug] [2023-08-17T15:57:51.892Z] <<< [apiv2][status] GET https://api.github.com/user 200
[debug] [2023-08-17T15:57:51.892Z] <<< [apiv2][body] GET https://api.github.com/user {"login":"Atmos4","id":32951942,"node_id":"MDQ6VXNlcjMyOTUxOTQy","avatar_url":"https://avatars.githubusercontent.com/u/32951942?v=4","gravatar_id":"","url":"https://api.github.com/users/Atmos4","html_url":"https://github.com/Atmos4","followers_url":"https://api.github.com/users/Atmos4/followers","following_url":"https://api.github.com/users/Atmos4/following{/other_user}","gists_url":"https://api.github.com/users/Atmos4/gists{/gist_id}","starred_url":"https://api.github.com/users/Atmos4/starred{/owner}{/repo}","subscriptions_url":"https://api.github.com/users/Atmos4/subscriptions","organizations_url":"https://api.github.com/users/Atmos4/orgs","repos_url":"https://api.github.com/users/Atmos4/repos","events_url":"https://api.github.com/users/Atmos4/events{/privacy}","received_events_url":"https://api.github.com/users/Atmos4/received_events","type":"User","site_admin":false,"name":null,"company":null,"blog":"","location":null,"email":null,"hireable":null,"bio":null,"twitter_username":null,"public_repos":12,"public_gists":0,"followers":1,"following":0,"created_at":"2017-10-20T07:19:18Z","updated_at":"2023-08-16T18:35:19Z","private_gists":0,"total_private_repos":4,"owned_private_repos":4,"disk_usage":18336,"collaborators":3,"two_factor_authentication":false,"plan":{"name":"free","space":976562499,"collaborators":0,"private_repos":10000}}
[info] 
[info] +  Success! Logged into GitHub as Atmos4 
[info] 
